<?xml version="1.0" encoding="UTF-8"?>
<testsuite name="SLListTest" tests="5" skipped="0" failures="0" errors="0" timestamp="2025-05-18T22:03:47" hostname="LAPTOP-S1DQN0HU" time="0.024">
  <properties/>
  <testcase name="ezGetSingleElementAtIndexZero()" classname="SLListTest" time="0.014"/>
  <testcase name="getFirstOnEmptyList()" classname="SLListTest" time="0.003"/>
  <testcase name="testGetAtIndex_workingCorrectly()" classname="SLListTest" time="0.001"/>
  <testcase name="getFirstCorrectly()" classname="SLListTest" time="0.001"/>
  <testcase name="testGetIndexOutOfBoundsNegative()" classname="SLListTest" time="0.002"/>
  <system-out><![CDATA[]]></system-out>
  <system-err><![CDATA[]]></system-err>
</testsuite>
